<?xml version="1.0" encoding="UTF-8"?>
<testsuite name="com.syncbridge.app.domain.result.dto.MeetingResultResponseTest" tests="2" skipped="0" failures="0" errors="0" timestamp="2026-08-12T14:38:24" hostname="gimseung-yun-ui-MacBookAir.local" time="0.01">
  <properties/>
  <testcase name="오전 회의와 정오 시작 회의를 올바르게 표기한다" classname="com.syncbridge.app.domain.result.dto.MeetingResultResponseTest" time="0.002"/>
  <testcase name="회의 일시를 '2026.08.12 오후 2:00-4:00' 형식으로 변환한다" classname="com.syncbridge.app.domain.result.dto.MeetingResultResponseTest" time="0.008"/>
  <system-out><![CDATA[]]></system-out>
  <system-err><![CDATA[]]></system-err>
</testsuite>
