<?xml version="1.0" encoding="UTF-8"?>
<testsuite name="com.syncbridge.app.domain.ApiJsonContractTest" tests="2" skipped="0" failures="0" errors="0" timestamp="2026-08-12T14:38:23" hostname="gimseung-yun-ui-MacBookAir.local" time="0.057">
  <properties/>
  <testcase name="답변 제출 응답은 isCompleted 키를 유지한다" classname="com.syncbridge.app.domain.ApiJsonContractTest" time="0.05"/>
  <testcase name="아이디어 응답은 isAiGenerated 키를 유지하고 작성자 정보를 노출하지 않는다" classname="com.syncbridge.app.domain.ApiJsonContractTest" time="0.006"/>
  <system-out><![CDATA[]]></system-out>
  <system-err><![CDATA[]]></system-err>
</testsuite>
